
> ud-camping-gears@0.1.0 build
> next build

⚠ Warning: Next.js inferred your workspace root, but it may not be correct.
 We detected multiple lockfiles and selected the directory of C:\Users\Inazawa Electronics\package-lock.json as the root directory.
 To silence this warning, set `turbopack.root` in your Next.js config, or consider removing one of the lockfiles if it's not needed.
   See https://nextjs.org/docs/app/api-reference/config/next-config-js/turbopack#root-directory for more information.
 Detected additional lockfiles: 
   * C:\Users\Inazawa Electronics\Desktop\UD Camping Gears\package-lock.json

▲ Next.js 16.1.6 (Turbopack)

  Creating an optimized production build ...
Turbopack build encountered 1 warnings:
[next]/internal/font/google/plus_jakarta_sans_cac814cd.module.css
Error while requesting resource
There was an issue establishing a connection while requesting https://fonts.googleapis.com/css2?family=Plus+Jakarta+Sans:wght@200..800&display=swap

Import trace:
  Server Component:
    [next]/internal/font/google/plus_jakarta_sans_cac814cd.module.css
    [next]/internal/font/google/plus_jakarta_sans_cac814cd.js
    ./Desktop/UD Camping Gears/src/app/layout.tsx



> Build error occurred
Error: Turbopack build failed with 1 errors:
[next]/internal/font/google/plus_jakarta_sans_cac814cd.module.css
next/font: error:
Failed to fetch `Plus Jakarta Sans` from Google Fonts.

Import trace:
  Server Component:
    [next]/internal/font/google/plus_jakarta_sans_cac814cd.module.css
    [next]/internal/font/google/plus_jakarta_sans_cac814cd.js
    ./Desktop/UD Camping Gears/src/app/layout.tsx


    at ignore-listed frames
